<?xml version="1.0" encoding="UTF-8"?>
<!-- Generated by org.testng.reporters.JUnitReportReporter -->
<testsuite hostname="HIBACL54346" name="demo_package.UploadFile_RobotClass" tests="1" failures="0" timestamp="28 Jul 2017 08:41:57 GMT" time="17.085" errors="0">
  <testcase name="testUpload" time="17.085" classname="demo_package.UploadFile_RobotClass"/>
</testsuite> <!-- demo_package.UploadFile_RobotClass -->
