<?xml version="1.0" encoding="UTF-8"?>
<!-- Generated by org.testng.reporters.JUnitReportReporter -->
<testsuite hostname="HIBACL54346" name="demo_package.Alert_Test" tests="1" failures="0" timestamp="17 Jul 2017 10:23:14 GMT" time="15.507" errors="0">
  <testcase name="checktitle" time="15.507" classname="demo_package.Alert_Test"/>
</testsuite> <!-- demo_package.Alert_Test -->
