<?xml version="1.0" encoding="UTF-8"?>
<!-- Generated by org.testng.reporters.JUnitReportReporter -->
<testsuite hostname="HIBACL54346" name="demo_package.Capture_ScreenShot" tests="1" failures="0" timestamp="14 Sep 2017 13:54:06 GMT" time="18.458" errors="0">
  <testcase name="Login" time="18.458" classname="demo_package.Capture_ScreenShot"/>
</testsuite> <!-- demo_package.Capture_ScreenShot -->
