<?xml version="1.0" encoding="UTF-8"?>
<!-- Generated by org.testng.reporters.JUnitReportReporter -->
<testsuite hostname="HIBACL54346" name="demo_package.Navigate_Links" tests="1" failures="0" timestamp="27 Jul 2017 14:09:02 GMT" time="60.302" errors="0">
  <testcase name="navigateToAllLinks" time="60.302" classname="demo_package.Navigate_Links"/>
</testsuite> <!-- demo_package.Navigate_Links -->
