<?xml version="1.0" encoding="UTF-8"?>
<!-- Generated by org.testng.reporters.JUnitReportReporter -->
<testsuite hostname="HIBACL54346" name="demo_package.EventListeners" tests="2" failures="0" timestamp="15 Sep 2017 10:19:20 GMT" time="11.684" errors="0">
  <testcase name="testEventsONE" time="1.012" classname="demo_package.EventListeners"/>
  <testcase name="testEventsTWO" time="10.672" classname="demo_package.EventListeners"/>
</testsuite> <!-- demo_package.EventListeners -->
