<?xml version="1.0" encoding="UTF-8"?>
<!-- Generated by org.testng.reporters.JUnitReportReporter -->
<testsuite hostname="HIBACL54346" name="demo_package.GetAllDropDownValue" tests="1" failures="0" timestamp="23 Dec 2016 06:56:59 GMT" time="13.887" errors="0">
  <testcase name="AllValue" time="13.887" classname="demo_package.GetAllDropDownValue"/>
</testsuite> <!-- demo_package.GetAllDropDownValue -->
