<?xml version="1.0" encoding="UTF-8"?>
<!-- Generated by org.testng.reporters.JUnitReportReporter -->
<testsuite hostname="HIBACL54346" name="demo_package.SQLConnector" tests="1" failures="0" timestamp="26 Jul 2017 13:49:09 GMT" time="0.280" errors="0">
  <testcase name="DBTest" time="0.280" classname="demo_package.SQLConnector"/>
</testsuite> <!-- demo_package.SQLConnector -->
