<?xml version="1.0" encoding="UTF-8"?>
<!-- Generated by org.testng.reporters.JUnitReportReporter -->
<testsuite hostname="HIBACL54346" name="demo_package.Api_Test" tests="1" failures="0" timestamp="29 Dec 2016 14:26:12 GMT" time="5.220" errors="0">
  <testcase name="api" time="5.220" classname="demo_package.Api_Test"/>
</testsuite> <!-- demo_package.Api_Test -->
