<?xml version="1.0" encoding="UTF-8"?>
<!-- Generated by org.testng.reporters.JUnitReportReporter -->
<testsuite hostname="HIBACL54346" name="demo_package.ReadDataFromExcel" tests="3" failures="0" timestamp="15 Sep 2017 12:41:34 GMT" time="52.594" errors="0">
  <testcase name="LoginApp" time="18.176" classname="demo_package.ReadDataFromExcel"/>
  <testcase name="LoginApp" time="17.284" classname="demo_package.ReadDataFromExcel"/>
  <testcase name="LoginApp" time="17.134" classname="demo_package.ReadDataFromExcel"/>
</testsuite> <!-- demo_package.ReadDataFromExcel -->
