<?xml version="1.0" encoding="UTF-8"?>
<!-- Generated by org.testng.reporters.JUnitReportReporter -->
<testsuite hostname="HIBACL54346" name="demo_package.ReadExcelXLS" tests="1" failures="0" timestamp="28 Dec 2016 09:20:33 GMT" time="0.757" errors="0">
  <testcase name="ReadExcel" time="0.757" classname="demo_package.ReadExcelXLS"/>
</testsuite> <!-- demo_package.ReadExcelXLS -->
