<?xml version="1.0" encoding="UTF-8"?>
<!-- Generated by org.testng.reporters.JUnitReportReporter -->
<testsuite hostname="HIBACL54346" name="demo_package.API_Test_JSON" tests="1" failures="0" timestamp="10 Jan 2017 11:40:38 GMT" time="1.567" errors="0">
  <testcase name="apiJSON" time="1.567" classname="demo_package.API_Test_JSON"/>
</testsuite> <!-- demo_package.API_Test_JSON -->
