<?xml version="1.0" encoding="UTF-8"?>
<!-- Generated by org.testng.reporters.JUnitReportReporter -->
<testsuite name="demo_selenium_3.HTMLUnit_Driver" tests="1" time="9.582" ignored="0" failures="0" timestamp="15 Sep 2017 14:13:24 GMT" skipped="0" hostname="HIBACL54346" errors="0">
  <testcase name="HTMLUnit" time="9.582" classname="demo_selenium_3.HTMLUnit_Driver"/>
</testsuite> <!-- demo_selenium_3.HTMLUnit_Driver -->
