<?xml version="1.0" encoding="UTF-8"?>
<!-- Generated by org.testng.reporters.JUnitReportReporter -->
<testsuite name="demo_selenium_3.PhantomJS" tests="1" time="14.483" ignored="0" failures="0" timestamp="15 Sep 2017 14:14:42 GMT" skipped="0" hostname="HIBACL54346" errors="0">
  <testcase name="PhantomJSTest" time="14.483" classname="demo_selenium_3.PhantomJS"/>
</testsuite> <!-- demo_selenium_3.PhantomJS -->
